[2026-02-09T21:04:30.177971] argnet: FIRST CHECK — cached (hash: 0c1919fe093d04a7)
[2026-02-10] COMPREHENSIVE SOURCE CHECK — argnet.com, general news, GMA, X/Twitter, Lone Shark Games, Salesforce hub, YouTube
  - ARGNet: No new articles since Feb 8 launch article by Michael Andersen
  - GMA (Feb 9): MrBeast appeared, gave hint: "Look for some numbers in photos that I took at the Super Bowl"
  - MrBeast on X (Feb 9): "No one has solved the $1,000,000 puzzle... it's very hard and lots of steps"
  - Salesforce on X (Feb 9): 101,007 registered investigators
  - Startland News: 70M+ sign-ups via QR code as of Mon afternoon
  - Newsweek/Yahoo: Confirmed nobody close to solving, email registration glitches
  - Salesforce hub: Returns 403 to automated fetch; Slackbot not yet activated
  - Hint #2: NOT found — only Hint #1 exists so far
  - Lone Shark Games: No new public updates
  - Key new intel: MrBeast's Super Bowl PHOTOS contain NUMBERS as clues (from GMA interview)
  - Full report: sources/argnet/2026-02-10/latest_check.md
[2026-02-10 late] argnet: Session 10/11 check. Web search "site:argn.com mrbeast 2026" returned ONLY the Feb 8 launch article. NO follow-up articles, NO updates, NO community progress reports. ARGNet has gone silent after initial coverage.
[2026-02-15T15:18:08.958469] argnet: FIRST CHECK — cached (hash: f418b781822d4fcc)
[2026-02-16T15:34:51.163141] argnet: FIRST CHECK — cached (hash: ef25b9ce60e66ad2)
[2026-02-17T15:44:20.858075] argnet: FIRST CHECK — cached (hash: 06258a7bb8218d70)
[2026-02-18T15:43:21.240813] argnet: FIRST CHECK — cached (hash: b9f719ceee11b716)
[2026-02-20T15:42:14.911328] argnet: FIRST CHECK — cached (hash: eb764ab8f7bb4c19)
[2026-02-21T15:30:53.923648] argnet: FIRST CHECK — cached (hash: 93601d7d66a95d2f)
